20250317 13:32:40.948137
Temp = 23.4*C
Hum = 46.8%
20250317 13:32:46.204911
Temp = 23.4*C
Hum = 46.5%
20250317 13:32:51.458710
Temp = 23.4*C
Hum = 46.5%
20250317 13:32:56.712626
Temp = 23.4*C
Hum = 46.4%
20250317 13:33:01.971366
Temp = 23.4*C
Hum = 46.4%
20250317 13:33:07.225477
Temp = 23.4*C
Hum = 46.4%
20250317 13:33:12.479571
Temp = 23.4*C
Hum = 46.4%
20250317 13:33:17.735516
Temp = 23.3*C
Hum = 46.4%
20250317 13:33:22.989421
Temp = 23.4*C
Hum = 46.5%
20250317 13:33:28.246427
Temp = 23.3*C
Hum = 46.4%
20250317 13:33:33.500368
Temp = 23.4*C
Hum = 46.4%
20250317 13:33:38.754257
Temp = 23.3*C
Hum = 46.4%
20250317 13:33:44.008038
Temp = 23.3*C
Hum = 46.4%
20250317 13:33:49.261963
Temp = 23.3*C
Hum = 46.5%
20250317 13:33:54.519240
Temp = 23.3*C
Hum = 46.5%
20250317 13:33:59.773110
Temp = 23.3*C
Hum = 46.5%
20250317 13:34:05.026852
Temp = 23.3*C
Hum = 46.5%
20250317 13:34:10.280698
Temp = 23.3*C
Hum = 46.5%
20250317 13:34:15.534626
Temp = 23.3*C
Hum = 46.5%
20250317 13:34:20.788509
Temp = 23.3*C
Hum = 46.6%
20250317 13:34:26.042230
Temp = 23.2*C
Hum = 46.5%
20250317 13:34:31.295931
Temp = 23.3*C
Hum = 46.6%
20250317 13:34:36.549653
Temp = 23.3*C
Hum = 46.6%
20250317 13:34:41.803451
Temp = 23.2*C
Hum = 46.5%
20250317 13:34:47.060484
Temp = 23.2*C
Hum = 46.6%
20250317 13:34:52.315686
Temp = 23.2*C
Hum = 46.6%
20250317 13:34:57.569569
Temp = 23.2*C
Hum = 46.6%
20250317 13:35:02.823467
Temp = 23.2*C
Hum = 46.6%
20250317 13:35:08.077482
Temp = 23.2*C
Hum = 46.6%
20250317 13:35:13.334521
Temp = 23.2*C
Hum = 46.6%
20250317 13:35:18.588252
Temp = 23.2*C
Hum = 46.7%
20250317 13:35:23.842128
Temp = 23.2*C
Hum = 46.7%
20250317 13:35:29.095907
Temp = 23.2*C
Hum = 46.7%
20250317 13:35:34.352988
Temp = 23.2*C
Hum = 46.7%
20250317 13:35:39.606801
Temp = 23.2*C
Hum = 46.7%
20250317 13:35:44.860426
Temp = 23.2*C
Hum = 46.7%
20250317 13:35:50.114309
Temp = 23.2*C
Hum = 46.7%
20250317 13:35:55.368144
Temp = 23.2*C
Hum = 46.7%
20250317 13:36:00.625239
Temp = 23.2*C
Hum = 46.7%
20250317 13:36:05.879157
Temp = 23.1*C
Hum = 46.7%
20250317 13:36:11.133172
Temp = 23.1*C
Hum = 46.8%
20250317 13:36:16.387076
Temp = 23.1*C
Hum = 46.8%
20250317 13:36:21.640895
Temp = 23.1*C
Hum = 46.8%
20250317 13:36:26.894693
Temp = 23.1*C
Hum = 46.8%
20250317 13:36:32.148482
Temp = 23.1*C
Hum = 46.8%
20250317 13:36:37.402238
Temp = 23.1*C
Hum = 46.8%
20250317 13:36:42.655970
Temp = 23.1*C
Hum = 46.9%
20250317 13:36:47.909873
Temp = 23.1*C
Hum = 46.8%
20250317 13:36:53.166989
Temp = 23.1*C
Hum = 46.9%
20250317 13:36:58.420764
Temp = 23.1*C
Hum = 46.9%
20250317 13:37:03.674513
Temp = 23.1*C
Hum = 46.9%
20250317 13:37:08.928437
Temp = 23.1*C
Hum = 46.9%
20250317 13:37:14.182287
Temp = 23.1*C
Hum = 46.9%
20250317 13:37:19.439420
Temp = 23.0*C
Hum = 46.9%
20250317 13:37:24.693130
Temp = 23.1*C
Hum = 46.9%
20250317 13:37:29.946947
Temp = 23.0*C
Hum = 47.0%
20250317 13:37:35.200723
Temp = 23.0*C
Hum = 47.0%
20250317 13:37:40.454514
Temp = 23.1*C
Hum = 47.0%
20250317 13:37:45.708466
Temp = 23.0*C
Hum = 47.1%
20250317 13:37:50.962422
Temp = 23.0*C
Hum = 48.1%
20250317 13:37:56.216293
Temp = 23.1*C
Hum = 50.4%
20250317 13:38:01.470103
Temp = 23.1*C
Hum = 49.9%
20250317 13:38:06.723918
Temp = 23.2*C
Hum = 49.2%
20250317 13:38:11.977830
Temp = 23.2*C
Hum = 48.6%
20250317 13:38:17.231667
Temp = 23.4*C
Hum = 48.1%
20250317 13:38:22.485355
Temp = 23.4*C
Hum = 47.7%
20250317 13:38:27.738989
Temp = 23.6*C
Hum = 47.4%
20250317 13:38:32.992704
Temp = 23.6*C
Hum = 47.1%
20250317 13:38:38.246473
Temp = 23.7*C
Hum = 46.8%
20250317 13:38:43.500162
Temp = 23.8*C
Hum = 46.7%
20250317 13:38:48.753986
Temp = 23.9*C
Hum = 46.5%
20250317 13:38:54.007755
Temp = 24.0*C
Hum = 46.2%
20250317 13:38:59.261535
Temp = 24.0*C
Hum = 46.1%
20250317 13:39:04.515248
Temp = 24.1*C
Hum = 45.9%
20250317 13:39:09.769106
Temp = 24.2*C
Hum = 45.8%
Shutdown Detected
File Already Exists
20250317 13:39:15.251999
Temp = 22.3*C
Hum = 46.5%
20250317 13:39:20.511585
Temp = 22.2*C
Hum = 46.7%
20250317 13:39:25.765655
Checksum did not validate. Try again.
20250317 13:39:31.019655
Temp = 22.2*C
Hum = 46.7%
20250317 13:39:36.273588
Temp = 22.2*C
Hum = 46.7%
20250317 13:39:41.527534
Temp = 22.2*C
Hum = 46.9%
20250319 11:08:36.310782
Temp = 22.2*C
Hum = 46.9%
20250319 11:08:41.565332
Temp = 22.2*C
Hum = 46.9%
20250319 11:08:46.819268
Temp = 22.2*C
Hum = 46.9%
20250319 11:08:52.073210
Temp = 22.1*C
Hum = 46.9%
20250319 11:08:57.327110
A full buffer was not returned. Try again.
20250319 11:09:02.581147
Temp = 22.1*C
Hum = 47.0%
20250319 11:09:07.835657
Received unplausible data. Try again.
20250319 11:09:13.093061
Temp = 22.1*C
Hum = 46.9%
20250319 11:09:18.346966
Temp = 22.1*C
Hum = 46.9%
20250319 11:09:23.600907
Temp = 22.1*C
Hum = 46.9%
20250319 11:09:28.855336
Temp = 22.1*C
Hum = 46.9%
20250319 11:09:34.109958
Temp = 22.1*C
Hum = 46.9%
20250319 11:09:39.363940
Temp = 22.1*C
Hum = 46.9%
20250319 11:09:44.617883
Temp = 22.1*C
Hum = 46.9%
20250319 11:09:49.871904
Temp = 22.0*C
Hum = 46.9%
20250319 11:09:55.125843
Temp = 22.0*C
Hum = 46.9%
20250319 11:10:00.380336
Temp = 22.0*C
Hum = 47.0%
20250319 11:10:05.658131
Temp = 22.0*C
Hum = 47.2%
20250319 11:10:10.912247
Temp = 22.0*C
Hum = 47.2%
20250319 11:10:16.166255
Temp = 22.0*C
Hum = 47.3%
20250319 11:10:21.420216
Temp = 22.0*C
Hum = 47.9%
20250319 11:10:26.674150
Temp = 22.0*C
Hum = 48.1%
20250319 11:10:31.928047
Temp = 22.0*C
Hum = 48.0%
20250319 11:10:37.181992
Temp = 22.0*C
Hum = 47.8%
20250319 11:10:42.435698
Temp = 22.0*C
Hum = 47.6%
20250319 11:10:47.689646
Temp = 22.0*C
Hum = 47.5%
20250319 11:10:52.943533
Temp = 22.0*C
Hum = 47.4%
20250319 11:10:58.197396
Temp = 22.0*C
Hum = 47.3%
20250319 11:11:03.451250
Temp = 22.0*C
Hum = 47.3%
20250319 11:11:08.705218
Temp = 22.0*C
Hum = 47.2%
20250319 11:11:13.959272
Temp = 22.0*C
Hum = 47.1%
20250319 11:11:19.213292
Temp = 22.0*C
Hum = 47.2%
Recieved Keyboard Interrupt
File Already Exists
20250319 11:16:49.033467
Temp = 22.0*C
Hum = 47.3%
20250319 11:16:54.289762
Temp = 22.0*C
Hum = 47.3%
20250319 11:16:59.543952
Temp = 22.0*C
Hum = 47.2%
20250319 11:17:04.798134
Temp = 22.0*C
Hum = 47.2%
20250319 11:17:10.052235
Temp = 22.0*C
Hum = 47.3%
20250319 11:17:15.310500
Temp = 22.0*C
Hum = 47.4%
20250319 11:19:29.491912
Temp = 22.1*C
Hum = 47.3%
20250319 11:19:34.769425
Temp = 22.1*C
Hum = 47.3%
20250319 11:19:40.030092
Temp = 22.1*C
Hum = 47.3%
20250319 11:19:45.284187
Temp = 22.0*C
Hum = 47.2%
20250319 11:19:50.545427
Temp = 22.0*C
Hum = 47.2%
20250319 11:19:55.824348
Temp = 22.1*C
Hum = 47.2%
20250319 11:20:01.078489
Temp = 22.1*C
Hum = 47.2%
20250319 11:20:06.332564
Temp = 22.0*C
Hum = 47.2%
20250319 11:20:11.586083
Temp = 22.0*C
Hum = 47.2%
20250319 11:20:16.840085
Temp = 22.0*C
Hum = 47.2%
20250319 11:20:22.093823
Temp = 22.0*C
Hum = 47.2%
20250319 11:20:27.347785
Temp = 22.0*C
Hum = 47.2%
Recieved Keyboard Interrupt
Traceback (most recent call last):
  File "/home/pi/Documents/TempLogger/enviro_logger.py", line 86, in <module>
    time.sleep(5)
KeyboardInterrupt

During handling of the above exception, another exception occurred:

Traceback (most recent call last):
  File "/home/pi/Documents/TempLogger/enviro_logger.py", line 91, in <module>
    log.close()
KeyboardInterrupt
Lost access to message queue
File Already Exists
20250319 11:24:28.964877
Temp = 22.1*C
Hum = 47.2%
20250319 11:24:34.226578
Temp = 21.9*C
Hum = 47.5%
20250319 11:24:39.481216
Temp = 21.9*C
Hum = 47.5%
20250319 11:24:44.734850
Temp = 21.9*C
Hum = 47.5%
20250319 11:24:49.991151
Temp = 21.9*C
Hum = 47.5%
20250319 11:24:55.247944
Temp = 21.9*C
Hum = 47.6%
20250319 11:25:15.814299
Temp = 21.9*C
Hum = 47.5%
20250319 11:25:21.083505
Temp = 21.9*C
Hum = 47.6%
20250319 11:25:26.337385
Temp = 21.9*C
Hum = 47.6%
20250319 11:25:31.591206
Temp = 21.9*C
Hum = 47.6%
20250319 11:25:36.845181
Temp = 21.9*C
Hum = 47.5%
20250319 11:25:42.099203
Temp = 21.9*C
Hum = 47.6%
20250319 11:25:47.353223
Temp = 21.9*C
Hum = 47.6%
20250319 11:25:52.607255
Temp = 21.8*C
Hum = 47.6%
20250319 11:25:57.861183
Temp = 21.9*C
Hum = 47.6%
20250319 11:26:03.117599
Temp = 21.9*C
Hum = 47.5%
20250319 11:26:08.371768
Temp = 21.9*C
Hum = 47.6%
20250319 11:26:13.626248
Temp = 21.9*C
Hum = 47.6%
20250319 11:26:18.880176
Temp = 21.9*C
Hum = 47.5%
20250319 11:26:24.134120
Temp = 21.9*C
Hum = 47.6%
20250319 11:26:29.388129
Temp = 21.9*C
Hum = 47.5%
20250319 11:26:34.642130
Temp = 21.9*C
Hum = 47.5%
20250319 11:26:39.896102
Temp = 21.9*C
Hum = 47.6%
20250319 11:26:45.153428
Temp = 21.9*C
Hum = 47.5%
20250319 11:26:50.407478
Temp = 21.9*C
Hum = 47.5%
20250319 11:26:55.661237
Temp = 21.9*C
Hum = 47.5%
20250319 11:27:00.915106
Temp = 21.9*C
Hum = 47.5%
20250319 11:27:06.169107
Temp = 21.9*C
Hum = 47.5%
20250319 11:27:11.423087
Temp = 21.9*C
Hum = 47.5%
20250319 11:27:16.677012
Temp = 21.9*C
Hum = 47.6%
Recieved Keyboard Interrupt
received SIGINT

20250319 11:42:39.871721
Temp = 22.2*C
Hum = 46.8%
20250319 11:42:45.125376
Temp = 22.1*C
Hum = 47.0%
Recieved Keyboard Interrupt
File Already Exists
20250317 12:01:28.992251
Timesync failed: 1
Temp = 23.4*C
Hum = 47.3%
20250317 12:01:34.423903
Timesync failed: 2
Temp = 23.5*C
Hum = 46.5%
20250317 12:01:39.695365
Timesync failed: 3
Temp = 23.5*C
Hum = 46.2%
20250317 12:01:44.968499
Timesync failed: 4
Temp = 23.6*C
Hum = 46.0%
20250317 12:01:50.239916
Timesync failed: 5
Timesync failed. Restarting service
Temp = 23.6*C
Hum = 45.8%
20250319 12:13:14.974412
Temp = 23.6*C
Hum = 45.6%
20250319 12:13:20.271821
Timesync failed: 1
Temp = 23.6*C
Hum = 45.5%
20250319 12:13:25.525846
Timesync failed: 2
Temp = 23.7*C
Hum = 45.5%
20250319 12:13:30.779860
Timesync failed: 3
Temp = 23.7*C
Hum = 45.4%
20250319 12:13:36.033726
Timesync failed: 4
Temp = 23.7*C
Hum = 45.3%
20250319 12:13:41.290683
Timesync failed: 5
Timesync failed. Restarting service
Temp = 23.7*C
Hum = 45.3%
20250319 12:13:46.752397
Timesync failed: 1
Temp = 23.7*C
Hum = 45.2%
20250319 12:13:52.009577
Timesync failed: 2
Temp = 23.7*C
Hum = 45.3%
20250319 12:13:57.263442
Timesync failed: 3
Temp = 23.7*C
Hum = 45.4%
20250319 12:14:02.517324
Timesync failed: 4
Temp = 23.7*C
Hum = 45.3%
20250319 12:14:07.771113
Timesync failed: 5
Timesync failed. Restarting service
Temp = 23.8*C
Hum = 45.3%
20250319 12:14:13.212131
Timesync failed: 1
Temp = 23.8*C
Hum = 45.1%
20250319 12:14:18.465979
Timesync failed: 2
Temp = 23.8*C
Hum = 45.0%
20250319 12:14:23.719874
Timesync failed: 3
Temp = 23.8*C
Hum = 45.0%
20250319 12:14:28.973812
Timesync failed: 4
Temp = 23.8*C
Hum = 45.0%
20250319 12:14:34.227642
Timesync failed: 5
Timesync failed. Restarting service
Temp = 23.9*C
Hum = 44.9%
20250319 12:14:39.721281
Timesync failed: 1
Temp = 23.9*C
Hum = 44.9%
20250319 12:14:44.975258
Timesync failed: 2
Temp = 23.9*C
Hum = 45.0%
20250319 12:14:50.231202
Timesync failed: 3
Temp = 23.9*C
Hum = 44.9%
20250319 12:14:55.484949
Timesync failed: 4
Checksum did not validate. Try again.
20250319 12:15:00.739484
Timesync failed: 5
Timesync failed. Restarting service
Checksum did not validate. Try again.
20250319 12:15:06.189228
Timesync failed: 1
Temp = 24.0*C
Hum = 44.9%
20250319 12:15:11.442889
Timesync failed: 2
Temp = 24.0*C
Hum = 44.8%
Traceback (most recent call last):
  File "/home/pi/Documents/TempLogger/enviro_logger.py", line 113, in <module>
    time.sleep(5)
KeyboardInterrupt

During handling of the above exception, another exception occurred:

Traceback (most recent call last):
  File "/home/pi/Documents/TempLogger/enviro_logger.py", line 116, in <module>
    print("Recieved Keyboard Interrupt")
KeyboardInterrupt
received SIGINT
File Already Exists
20250319 12:18:06.944444
Temp = 24.0*C
Hum = 44.8%
20250319 12:18:12.349670
Timesync failed: 1
Recieved Keyboard Interrupt
51, 25, 50, 25, 51, 25, 50, 25, 50, 25, 51, 25, 50, 25, 51, 69, 51, 69, 50, 26, 49, 70, 49, 70, 49, 70, 49, 69, 51, 25, 50, 26, 50, 26, 50, 25, 50, 25, 51, 26, 49, 25, 51, 25, 50, 25, 51, 26, 50, 69, 50, 69, 82, 37, 50, 69, 51, 25, 49, 26, 50, 69, 50, 70, 50, 69, 50, 26, 49, 69, 50, 70, 50, 25, 50, 26, 50, 25, 50, 26, 50
